29-Jun-2022 16:20:51.178 INFO [main] org.apache.catalina.startup.VersionLoggerListener.log 서버 버전 이름:    Apache Tomcat/9.0.64
29-Jun-2022 16:20:51.181 INFO [main] org.apache.catalina.startup.VersionLoggerListener.log Server 빌드 시각:  Jun 2 2022 19:08:46 UTC
29-Jun-2022 16:20:51.181 INFO [main] org.apache.catalina.startup.VersionLoggerListener.log Server 버전 번호:  9.0.64.0
29-Jun-2022 16:20:51.181 INFO [main] org.apache.catalina.startup.VersionLoggerListener.log 운영체제 이름:     Windows 10
29-Jun-2022 16:20:51.181 INFO [main] org.apache.catalina.startup.VersionLoggerListener.log 운영체제 버전:     10.0
29-Jun-2022 16:20:51.182 INFO [main] org.apache.catalina.startup.VersionLoggerListener.log 아키텍처:          amd64
29-Jun-2022 16:20:51.182 INFO [main] org.apache.catalina.startup.VersionLoggerListener.log 자바 홈:           C:\Program Files\Java\jdk-11.0.14
29-Jun-2022 16:20:51.182 INFO [main] org.apache.catalina.startup.VersionLoggerListener.log JVM 버전:          11.0.14+8-LTS-263
29-Jun-2022 16:20:51.182 INFO [main] org.apache.catalina.startup.VersionLoggerListener.log JVM 벤더:          Oracle Corporation
29-Jun-2022 16:20:51.183 INFO [main] org.apache.catalina.startup.VersionLoggerListener.log CATALINA_BASE:     C:\Users\admin\git\Hustar\apache-tomcat-9.0.64
29-Jun-2022 16:20:51.183 INFO [main] org.apache.catalina.startup.VersionLoggerListener.log CATALINA_HOME:     C:\Users\admin\git\Hustar\apache-tomcat-9.0.64
29-Jun-2022 16:20:51.192 INFO [main] org.apache.catalina.startup.VersionLoggerListener.log 명령 행 아규먼트:  --add-opens=java.base/java.lang=ALL-UNNAMED
29-Jun-2022 16:20:51.194 INFO [main] org.apache.catalina.startup.VersionLoggerListener.log 명령 행 아규먼트:  --add-opens=java.base/java.io=ALL-UNNAMED
29-Jun-2022 16:20:51.194 INFO [main] org.apache.catalina.startup.VersionLoggerListener.log 명령 행 아규먼트:  --add-opens=java.base/java.util=ALL-UNNAMED
29-Jun-2022 16:20:51.195 INFO [main] org.apache.catalina.startup.VersionLoggerListener.log 명령 행 아규먼트:  --add-opens=java.base/java.util.concurrent=ALL-UNNAMED
29-Jun-2022 16:20:51.196 INFO [main] org.apache.catalina.startup.VersionLoggerListener.log 명령 행 아규먼트:  --add-opens=java.rmi/sun.rmi.transport=ALL-UNNAMED
29-Jun-2022 16:20:51.197 INFO [main] org.apache.catalina.startup.VersionLoggerListener.log 명령 행 아규먼트:  -Djava.util.logging.config.file=C:\Users\admin\git\Hustar\apache-tomcat-9.0.64\conf\logging.properties
29-Jun-2022 16:20:51.197 INFO [main] org.apache.catalina.startup.VersionLoggerListener.log 명령 행 아규먼트:  -Djava.util.logging.manager=org.apache.juli.ClassLoaderLogManager
29-Jun-2022 16:20:51.198 INFO [main] org.apache.catalina.startup.VersionLoggerListener.log 명령 행 아규먼트:  -Djdk.tls.ephemeralDHKeySize=2048
29-Jun-2022 16:20:51.199 INFO [main] org.apache.catalina.startup.VersionLoggerListener.log 명령 행 아규먼트:  -Djava.protocol.handler.pkgs=org.apache.catalina.webresources
29-Jun-2022 16:20:51.199 INFO [main] org.apache.catalina.startup.VersionLoggerListener.log 명령 행 아규먼트:  -Dignore.endorsed.dirs=
29-Jun-2022 16:20:51.199 INFO [main] org.apache.catalina.startup.VersionLoggerListener.log 명령 행 아규먼트:  -Dcatalina.base=C:\Users\admin\git\Hustar\apache-tomcat-9.0.64
29-Jun-2022 16:20:51.200 INFO [main] org.apache.catalina.startup.VersionLoggerListener.log 명령 행 아규먼트:  -Dcatalina.home=C:\Users\admin\git\Hustar\apache-tomcat-9.0.64
29-Jun-2022 16:20:51.200 INFO [main] org.apache.catalina.startup.VersionLoggerListener.log 명령 행 아규먼트:  -Djava.io.tmpdir=C:\Users\admin\git\Hustar\apache-tomcat-9.0.64\temp
29-Jun-2022 16:20:51.203 INFO [main] org.apache.catalina.core.AprLifecycleListener.lifecycleEvent APR 버전 [1.7.0]을(를) 사용한, APR 기반 Apache Tomcat Native 라이브러리 [1.2.33]을(를) 로드했습니다.
29-Jun-2022 16:20:51.205 INFO [main] org.apache.catalina.core.AprLifecycleListener.lifecycleEvent APR 용량정보들: IPv6 [true], sendfile [true], accept filters [false], random [true], UDS [true].
29-Jun-2022 16:20:51.206 INFO [main] org.apache.catalina.core.AprLifecycleListener.lifecycleEvent APR/OpenSSL 설정: useAprConnector [false], useOpenSSL [true]
29-Jun-2022 16:20:51.213 INFO [main] org.apache.catalina.core.AprLifecycleListener.initializeSSL OpenSSL이 성공적으로 초기화되었습니다: [OpenSSL 1.1.1o  3 May 2022]
29-Jun-2022 16:20:51.426 INFO [main] org.apache.coyote.AbstractProtocol.init 프로토콜 핸들러 ["http-nio-8080"]을(를) 초기화합니다.
29-Jun-2022 16:20:51.448 INFO [main] org.apache.catalina.startup.Catalina.load [424] 밀리초 내에 서버가 초기화되었습니다.
29-Jun-2022 16:20:51.502 INFO [main] org.apache.catalina.core.StandardService.startInternal 서비스 [Catalina]을(를) 시작합니다.
29-Jun-2022 16:20:51.504 INFO [main] org.apache.catalina.core.StandardEngine.startInternal 서버 엔진을 시작합니다: [Apache Tomcat/9.0.64]
29-Jun-2022 16:20:51.514 INFO [main] org.apache.catalina.startup.HostConfig.deployDirectory 웹 애플리케이션 디렉토리 [C:\Users\admin\git\Hustar\apache-tomcat-9.0.64\webapps\docs]을(를) 배치합니다.
29-Jun-2022 16:20:51.853 WARNING [main] org.apache.catalina.util.SessionIdGeneratorBase.createSecureRandom [SHA1PRNG] 알고리즘을 사용하여, 세션 ID를 생성하기 위한 SecureRandom 객체를 생성하는데, [132] 밀리초가 소요됐습니다.
29-Jun-2022 16:20:51.884 INFO [main] org.apache.catalina.startup.HostConfig.deployDirectory 웹 애플리케이션 디렉토리 [C:\Users\admin\git\Hustar\apache-tomcat-9.0.64\webapps\docs]에 대한 배치가 [371] 밀리초에 완료되었습니다.
29-Jun-2022 16:20:51.886 INFO [main] org.apache.catalina.startup.HostConfig.deployDirectory 웹 애플리케이션 디렉토리 [C:\Users\admin\git\Hustar\apache-tomcat-9.0.64\webapps\examples]을(를) 배치합니다.
29-Jun-2022 16:20:52.212 INFO [main] org.apache.catalina.startup.HostConfig.deployDirectory 웹 애플리케이션 디렉토리 [C:\Users\admin\git\Hustar\apache-tomcat-9.0.64\webapps\examples]에 대한 배치가 [326] 밀리초에 완료되었습니다.
29-Jun-2022 16:20:52.214 INFO [main] org.apache.catalina.startup.HostConfig.deployDirectory 웹 애플리케이션 디렉토리 [C:\Users\admin\git\Hustar\apache-tomcat-9.0.64\webapps\host-manager]을(를) 배치합니다.
29-Jun-2022 16:20:52.250 INFO [main] org.apache.catalina.startup.HostConfig.deployDirectory 웹 애플리케이션 디렉토리 [C:\Users\admin\git\Hustar\apache-tomcat-9.0.64\webapps\host-manager]에 대한 배치가 [36] 밀리초에 완료되었습니다.
29-Jun-2022 16:20:52.251 INFO [main] org.apache.catalina.startup.HostConfig.deployDirectory 웹 애플리케이션 디렉토리 [C:\Users\admin\git\Hustar\apache-tomcat-9.0.64\webapps\manager]을(를) 배치합니다.
29-Jun-2022 16:20:52.292 INFO [main] org.apache.catalina.startup.HostConfig.deployDirectory 웹 애플리케이션 디렉토리 [C:\Users\admin\git\Hustar\apache-tomcat-9.0.64\webapps\manager]에 대한 배치가 [41] 밀리초에 완료되었습니다.
29-Jun-2022 16:20:52.294 INFO [main] org.apache.catalina.startup.HostConfig.deployDirectory 웹 애플리케이션 디렉토리 [C:\Users\admin\git\Hustar\apache-tomcat-9.0.64\webapps\ROOT]을(를) 배치합니다.
29-Jun-2022 16:20:52.321 INFO [main] org.apache.catalina.startup.HostConfig.deployDirectory 웹 애플리케이션 디렉토리 [C:\Users\admin\git\Hustar\apache-tomcat-9.0.64\webapps\ROOT]에 대한 배치가 [27] 밀리초에 완료되었습니다.
29-Jun-2022 16:20:52.325 INFO [main] org.apache.coyote.AbstractProtocol.start 프로토콜 핸들러 ["http-nio-8080"]을(를) 시작합니다.
29-Jun-2022 16:20:52.441 INFO [main] org.apache.catalina.startup.Catalina.start 서버가 [992] 밀리초 내에 시작되었습니다.
